Va =    5.13612248730e+00
Kb =    7.16043663039e-03
Kc =    8.19579707039e+03
Id =    1.03201034448e-03
R1 =    1.04140403815e+03
R2 =    2.06425750627e+03
R3 =    3.01346586287e+03
R4 =    4.09638762559e+03
R5 =    3.04195770117e+03
R6 =    2.04936997612e+03
R7 =    1.01919058582e+03
A =

   8.15125752661e+03  -3.01346586287e+03  -4.09638762559e+03   0.00000000000e+00
  -2.15777313489e+01   2.05777313489e+01   0.00000000000e+00   0.00000000000e+00
  -4.09638762559e+03   0.00000000000e+00  -1.03084888286e+03   0.00000000000e+00
   0.00000000000e+00   0.00000000000e+00   0.00000000000e+00   1.00000000000e+00

B =

   5.13612248730e+00
   0.00000000000e+00
   0.00000000000e+00
  -1.03201034448e-03

D =

   2.41477437454e-04
   2.53212328602e-04
  -9.59583119402e-04
  -1.03201034448e-03

V7 =   -9.77998081607e-01
VG =    9.77998081607e-01
V6 =   -1.96654083449e+00
VD =    2.94453891610e+00
VA =    8.08066140340e+00
V1 =    2.51475578487e-01
VB =    7.82918582491e+00
V2 =    5.22695449998e-01
VC =    7.30649037492e+00
VE =    7.86454851879e+00
V5 =   -3.90959300810e+00
VF =    1.17741415269e+01


***********************************

VA =    8.08066140340e+00
VB =    7.82918582491e+00
VC =    7.30649037492e+00
VD =    2.94453891610e+00
VE =    7.86454851879e+00
VF =    1.17741415269e+01
VG =    9.77998081607e-01
VH = 0
I1 =    2.41477437454e-04
I2 =    2.53212328602e-04
I3 =   -1.17348911481e-05
I4 =   -1.20106055686e-03
I5 =   -1.28522267308e-03
I6 =    9.59583119402e-04
I7 =    9.59583119402e-04
IA =    2.41477437454e-04
ID =    1.03201034448e-03
IC =   -7.24272250776e-05
IB =   -2.53212328602e-04
