R1 =  1041.4
R2 =  2064.3
R3 =  3013.5
R4 =  4096.4
R5 =  3042.0
R6 =  2049.4
R7 =  1019.2
Va =  5.1361
Id =  0.0010320
Kb =  0.0071604
Kc =  8195.8
G1 =    9.6024e-04
G2 =    4.8444e-04
G3 =    3.3184e-04
G4 =    2.4412e-04
G5 =    3.2874e-04
G6 =    4.8795e-04
G7 =    9.8117e-04
A =

  -0.00096   0.00178  -0.00048   0.00000  -0.00033   0.00000   0.00000   0.00000
   0.00000  -0.00764   0.00048   0.00000   0.00716   0.00000   0.00000   0.00000
   0.00000   0.00716   0.00000   0.00000  -0.00749   0.00033   0.00000   0.00000
   0.00000   0.00000   0.00000  -0.00049   0.00000   0.00000   0.00147  -0.00098
   1.00000   0.00000   0.00000  -1.00000   0.00000   0.00000   0.00000   0.00000
   0.00000   0.00000   0.00000   0.00000   0.00000   0.00000   0.00000   1.00000
   0.00000   0.00000   0.00000  -3.99918   0.00000   0.00000   3.99918  -1.00000
   0.00000  -0.00033   0.00000  -0.00024   0.00090  -0.00033  -0.00098   0.00098

B =

   0.00000
   0.00000
   0.00103
   0.00000
   5.13612
   0.00000
   0.00000
  -0.00103

ans =

    5.13612
    4.06451
    1.83716
   -0.00000
    4.21520
   10.63684
    0.00000
    0.00000

